<?xml version="1.0" encoding="UTF-8"?>
<testng-results skipped="0" failed="1" ignored="0" total="1" passed="0">
  <reporter-output>
    <line>
      <![CDATA[Homepage is Displayed]]>
    </line>
    <line>
      <![CDATA[Fail]]>
    </line>
  </reporter-output>
  <suite name="Default suite" duration-ms="48448" started-at="2019-11-12T18:28:39 IST" finished-at="2019-11-12T18:29:27 IST">
    <groups>
    </groups>
    <test name="Default test" duration-ms="48448" started-at="2019-11-12T18:28:39 IST" finished-at="2019-11-12T18:29:27 IST">
      <class name="com.vtiger.testpom.UpdatePriorityOfTestng">
        <test-method status="PASS" signature="before()[pri:0, instance:com.vtiger.testpom.UpdatePriorityOfTestng@67b92f0a]" name="before" is-config="true" duration-ms="17502" started-at="2019-11-12T18:28:39 IST" finished-at="2019-11-12T18:28:56 IST">
          <reporter-output>
          </reporter-output>
        </test-method> <!-- before -->
        <test-method status="FAIL" signature="deleteTask()[pri:0, instance:com.vtiger.testpom.UpdatePriorityOfTestng@67b92f0a]" name="deleteTask" duration-ms="29276" started-at="2019-11-12T18:28:56 IST" finished-at="2019-11-12T18:29:25 IST">
          <exception class="org.openqa.selenium.support.ui.UnexpectedTagNameException">
            <message>
              <![CDATA[Element should have been "select" but was "img"
Build info: version: '3.141.59', revision: 'e82be7d358', time: '2018-11-14T08:25:53'
System info: host: 'DESKTOP-0VKQUJV', ip: '192.168.43.192', os.name: 'Windows 10', os.arch: 'amd64', os.version: '10.0', java.version: '1.8.0_221'
Driver info: driver.version: unknown]]>
            </message>
            <full-stacktrace>
              <![CDATA[org.openqa.selenium.support.ui.UnexpectedTagNameException: Element should have been "select" but was "img"
Build info: version: '3.141.59', revision: 'e82be7d358', time: '2018-11-14T08:25:53'
System info: host: 'DESKTOP-0VKQUJV', ip: '192.168.43.192', os.name: 'Windows 10', os.arch: 'amd64', os.version: '10.0', java.version: '1.8.0_221'
Driver info: driver.version: unknown
at org.openqa.selenium.support.ui.Select.<init>(Select.java:48)
at com.vtiger.testpom.UpdatePriorityOfTestng.deleteTask(UpdatePriorityOfTestng.java:43)
at sun.reflect.NativeMethodAccessorImpl.invoke0(Native Method)
at sun.reflect.NativeMethodAccessorImpl.invoke(Unknown Source)
at sun.reflect.DelegatingMethodAccessorImpl.invoke(Unknown Source)
at java.lang.reflect.Method.invoke(Unknown Source)
at org.testng.internal.MethodInvocationHelper.invokeMethod(MethodInvocationHelper.java:133)
at org.testng.internal.TestInvoker.invokeMethod(TestInvoker.java:584)
at org.testng.internal.TestInvoker.invokeTestMethod(TestInvoker.java:172)
at org.testng.internal.MethodRunner.runInSequence(MethodRunner.java:46)
at org.testng.internal.TestInvoker$MethodInvocationAgent.invoke(TestInvoker.java:804)
at org.testng.internal.TestInvoker.invokeTestMethods(TestInvoker.java:145)
at org.testng.internal.TestMethodWorker.invokeTestMethods(TestMethodWorker.java:146)
at org.testng.internal.TestMethodWorker.run(TestMethodWorker.java:128)
at java.util.ArrayList.forEach(Unknown Source)
at org.testng.TestRunner.privateRun(TestRunner.java:770)
at org.testng.TestRunner.run(TestRunner.java:591)
at org.testng.SuiteRunner.runTest(SuiteRunner.java:402)
at org.testng.SuiteRunner.runSequentially(SuiteRunner.java:396)
at org.testng.SuiteRunner.privateRun(SuiteRunner.java:355)
at org.testng.SuiteRunner.run(SuiteRunner.java:304)
at org.testng.SuiteRunnerWorker.runSuite(SuiteRunnerWorker.java:53)
at org.testng.SuiteRunnerWorker.run(SuiteRunnerWorker.java:96)
at org.testng.TestNG.runSuitesSequentially(TestNG.java:1180)
at org.testng.TestNG.runSuitesLocally(TestNG.java:1102)
at org.testng.TestNG.runSuites(TestNG.java:1032)
at org.testng.TestNG.run(TestNG.java:1000)
at org.testng.remote.AbstractRemoteTestNG.run(AbstractRemoteTestNG.java:115)
at org.testng.remote.RemoteTestNG.initAndRun(RemoteTestNG.java:251)
at org.testng.remote.RemoteTestNG.main(RemoteTestNG.java:77)
]]>
            </full-stacktrace>
          </exception> <!-- org.openqa.selenium.support.ui.UnexpectedTagNameException -->
          <reporter-output>
            <line>
              <![CDATA[Homepage is Displayed]]>
            </line>
          </reporter-output>
        </test-method> <!-- deleteTask -->
        <test-method status="PASS" signature="afterM(org.testng.ITestResult)[pri:0, instance:com.vtiger.testpom.UpdatePriorityOfTestng@67b92f0a]" name="afterM" is-config="true" duration-ms="1545" started-at="2019-11-12T18:29:25 IST" finished-at="2019-11-12T18:29:27 IST">
          <params>
            <param index="0">
              <value>
                <![CDATA[[TestResult name=deleteTask status=FAILURE method=UpdatePriorityOfTestng.deleteTask()[pri:0, instance:com.vtiger.testpom.UpdatePriorityOfTestng@67b92f0a] output=Homepage is Displayed]]]>
              </value>
            </param>
          </params>
          <reporter-output>
            <line>
              <![CDATA[Fail]]>
            </line>
          </reporter-output>
        </test-method> <!-- afterM -->
      </class> <!-- com.vtiger.testpom.UpdatePriorityOfTestng -->
    </test> <!-- Default test -->
  </suite> <!-- Default suite -->
</testng-results>
